<?xml version="1.0" encoding="UTF-8"?>
<testsuite name="com.ArtCake.restAssuredTests.RACakesGetByCategoryTests" tests="2" skipped="0" failures="0" errors="0" timestamp="2023-09-11T20:17:08" hostname="OMEN_UKR" time="0.015">
  <properties/>
  <testcase name="getCakeByCategory404" classname="com.ArtCake.restAssuredTests.RACakesGetByCategoryTests" time="0.007"/>
  <testcase name="getCakeByCategoryTest200" classname="com.ArtCake.restAssuredTests.RACakesGetByCategoryTests" time="0.007"/>
  <system-out><![CDATA[]]></system-out>
  <system-err><![CDATA[]]></system-err>
</testsuite>
